2006.06.02 17:16 B C:\Documents and Settings\John Pratt\My Documents\J webpages\family\default.htm <-- johnpratt /johnpratt.net/family default.htm
2006.06.02 17:16 B C:\Documents and Settings\John Pratt\My Documents\J webpages\family\~$efault.htm <-- johnpratt /johnpratt.net/family ~$efault.htm
2006.06.05 12:01 B C:\Documents and Settings\John Pratt\My Documents\J webpages\family\default.htm <-- johnpratt /johnpratt.net/family default.htm
2006.06.05 12:07 B C:\Documents and Settings\John Pratt\My Documents\J webpages\family\default.htm --> FTP.johnpratt.net /johnpratt.net/family default.htm
2006.06.05 12:08 B C:\Documents and Settings\John Pratt\My Documents\J webpages\family\WS_FTP.LOG --> FTP.johnpratt.net /johnpratt.net/family WS_FTP.LOG
2006.06.05 12:13 B C:\Documents and Settings\John Pratt\My Documents\J webpages\family\default.htm --> FTP.johnpratt.net /johnpratt.net/family default.htm
2006.06.05 12:15 B C:\Documents and Settings\John Pratt\My Documents\J webpages\family\default.htm --> FTP.johnpratt.net /johnpratt.net/family default.htm
2006.06.05 12:23 B C:\Documents and Settings\John Pratt\My Documents\J webpages\family\default.htm --> FTP.johnpratt.net /johnpratt.net/family default.htm
2006.06.05 12:25 B C:\Documents and Settings\John Pratt\My Documents\J webpages\family\default.htm --> FTP.johnpratt.net /johnpratt.net/family default.htm
2006.06.05 12:25 B C:\Documents and Settings\John Pratt\My Documents\J webpages\family\WS_FTP.LOG --> FTP.johnpratt.net /johnpratt.net/family WS_FTP.LOG
2006.06.05 12:25 B C:\Documents and Settings\John Pratt\My Documents\J webpages\family\~$efault.htm --> FTP.johnpratt.net /johnpratt.net/family ~$efault.htm
2006.06.05 12:29 B C:\Documents and Settings\John Pratt\My Documents\J webpages\family\default.htm --> FTP.johnpratt.net /johnpratt.net/family/default_files default.htm
2006.06.05 12:29 B C:\Documents and Settings\John Pratt\My Documents\J webpages\family\WS_FTP.LOG --> FTP.johnpratt.net /johnpratt.net/family/default_files WS_FTP.LOG
2006.06.05 12:29 B C:\Documents and Settings\John Pratt\My Documents\J webpages\family\~$efault.htm --> FTP.johnpratt.net /johnpratt.net/family/default_files ~$efault.htm
2006.06.05 12:32 B C:\Documents and Settings\John Pratt\My Documents\J webpages\family\default.htm --> FTP.johnpratt.net /johnpratt.net/family/default_files default.htm
2006.06.05 12:35 B C:\Documents and Settings\John Pratt\My Documents\J webpages\family\default.htm --> FTP.johnpratt.net /johnpratt.net/family/default_files default.htm
2006.06.05 12:42 B C:\Documents and Settings\John Pratt\My Documents\J webpages\family\default.htm --> FTP.johnpratt.net /johnpratt.net/family default.htm
2006.06.05 12:42 B C:\Documents and Settings\John Pratt\My Documents\J webpages\family\WS_FTP.LOG --> FTP.johnpratt.net /johnpratt.net/family WS_FTP.LOG
2006.06.05 12:42 B C:\Documents and Settings\John Pratt\My Documents\J webpages\family\~$efault.htm --> FTP.johnpratt.net /johnpratt.net/family ~$efault.htm
2006.06.05 12:42 B C:\Documents and Settings\John Pratt\My Documents\J webpages\family\~WRL0350.tmp --> FTP.johnpratt.net /johnpratt.net/family ~WRL0350.tmp
2006.06.05 14:11 B C:\Documents and Settings\John Pratt\My Documents\J webpages\family\~WRL0333.tmp --> FTP.johnpratt.net /johnpratt.net/family ~WRL0333.tmp
2006.06.05 14:13 B C:\Documents and Settings\John Pratt\My Documents\J webpages\family\default.htm --> FTP.johnpratt.net /johnpratt.net/family default.htm
2006.06.05 14:13 B C:\Documents and Settings\John Pratt\My Documents\J webpages\family\WS_FTP.LOG --> FTP.johnpratt.net /johnpratt.net/family WS_FTP.LOG
2006.06.05 14:13 B C:\Documents and Settings\John Pratt\My Documents\J webpages\family\~$efault.htm --> FTP.johnpratt.net /johnpratt.net/family ~$efault.htm
2006.06.05 14:13 B C:\Documents and Settings\John Pratt\My Documents\J webpages\family\~WRL0333.tmp --> FTP.johnpratt.net /johnpratt.net/family ~WRL0333.tmp
2006.06.05 14:22 B C:\Documents and Settings\John Pratt\My Documents\J webpages\family\default.htm --> FTP.johnpratt.net /johnpratt.net/family default.htm
2006.06.05 14:22 B C:\Documents and Settings\John Pratt\My Documents\J webpages\family\WS_FTP.LOG --> FTP.johnpratt.net /johnpratt.net/family WS_FTP.LOG
2006.06.05 14:22 B C:\Documents and Settings\John Pratt\My Documents\J webpages\family\~$efault.htm --> FTP.johnpratt.net /johnpratt.net/family ~$efault.htm
2006.06.05 14:22 B C:\Documents and Settings\John Pratt\My Documents\J webpages\family\~WRL0333.tmp --> FTP.johnpratt.net /johnpratt.net/family ~WRL0333.tmp
2006.06.05 14:26 B C:\Documents and Settings\John Pratt\My Documents\J webpages\family\default.htm --> FTP.johnpratt.net /johnpratt.net/family default.htm
2006.06.05 14:26 B C:\Documents and Settings\John Pratt\My Documents\J webpages\family\WS_FTP.LOG --> FTP.johnpratt.net /johnpratt.net/family WS_FTP.LOG
2006.06.05 14:26 B C:\Documents and Settings\John Pratt\My Documents\J webpages\family\~$efault.htm --> FTP.johnpratt.net /johnpratt.net/family ~$efault.htm
2006.06.05 14:26 B C:\Documents and Settings\John Pratt\My Documents\J webpages\family\~WRL0333.tmp --> FTP.johnpratt.net /johnpratt.net/family ~WRL0333.tmp
2006.06.05 14:29 B C:\Documents and Settings\John Pratt\My Documents\J webpages\family\default.htm --> FTP.johnpratt.net /johnpratt.net/family default.htm
2006.06.05 14:29 B C:\Documents and Settings\John Pratt\My Documents\J webpages\family\WS_FTP.LOG --> FTP.johnpratt.net /johnpratt.net/family WS_FTP.LOG
2006.06.05 14:29 B C:\Documents and Settings\John Pratt\My Documents\J webpages\family\~$efault.htm --> FTP.johnpratt.net /johnpratt.net/family ~$efault.htm
2006.06.05 14:29 B C:\Documents and Settings\John Pratt\My Documents\J webpages\family\~WRL0333.tmp --> FTP.johnpratt.net /johnpratt.net/family ~WRL0333.tmp
2006.06.05 21:40 B C:\Documents and Settings\John Pratt\My Documents\J webpages\family\default.htm --> FTP.johnpratt.net /johnpratt.net default.htm
2006.06.05 21:40 B C:\Documents and Settings\John Pratt\My Documents\J webpages\family\WS_FTP.LOG --> FTP.johnpratt.net /johnpratt.net WS_FTP.LOG
2006.06.05 21:40 B C:\Documents and Settings\John Pratt\My Documents\J webpages\family\~$efault.htm --> FTP.johnpratt.net /johnpratt.net ~$efault.htm
2006.06.05 21:40 B C:\Documents and Settings\John Pratt\My Documents\J webpages\family\~WRL3544.tmp --> FTP.johnpratt.net /johnpratt.net ~WRL3544.tmp
2006.06.05 21:45 B C:\Documents and Settings\John Pratt\My Documents\J webpages\family\default.htm --> FTP.johnpratt.net /johnpratt.net/family default.htm
2006.06.05 21:45 B C:\Documents and Settings\John Pratt\My Documents\J webpages\family\WS_FTP.LOG --> FTP.johnpratt.net /johnpratt.net/family WS_FTP.LOG
2006.06.05 21:45 B C:\Documents and Settings\John Pratt\My Documents\J webpages\family\~WRL3544.tmp --> FTP.johnpratt.net /johnpratt.net/family ~WRL3544.tmp
2006.06.07 16:42 B C:\Documents and Settings\John Pratt\My Documents\J webpages\family\default.htm --> FTP.johnpratt.net /johnpratt.net/adventures/family default.htm
2006.06.07 16:42 B C:\Documents and Settings\John Pratt\My Documents\J webpages\family\WS_FTP.LOG --> FTP.johnpratt.net /johnpratt.net/adventures/family WS_FTP.LOG
2006.06.07 16:42 B C:\Documents and Settings\John Pratt\My Documents\J webpages\family\~$efault.htm --> FTP.johnpratt.net /johnpratt.net/adventures/family ~$efault.htm
2011.06.05 18:30 B C:\Users\Rebecca\Desktop\johnpratt.net\family\WS_FTP.LOG <-- johnpratt /johnpratt.net/family WS_FTP.LOG
2011.06.05 18:30 B C:\Users\Rebecca\Desktop\johnpratt.net\family\~$efault.htm <-- johnpratt /johnpratt.net/family ~$efault.htm
2011.06.05 18:30 B C:\Users\Rebecca\Desktop\johnpratt.net\family\~WRL0333.tmp <-- johnpratt /johnpratt.net/family ~WRL0333.tmp
2011.06.05 18:30 B C:\Users\Rebecca\Desktop\johnpratt.net\family\~WRL0350.tmp <-- johnpratt /johnpratt.net/family ~WRL0350.tmp
2011.06.05 18:30 B C:\Users\Rebecca\Desktop\johnpratt.net\family\~WRL3544.tmp <-- johnpratt /johnpratt.net/family ~WRL3544.tmp
2011.06.07 15:46 B C:\Users\Rebecca\Desktop\johnpratt.net\family\image114.jpg --> FTP.johnpratt.net /johnpratt.net/family image114.jpg
2011.06.07 15:46 B C:\Users\Rebecca\Desktop\johnpratt.net\family\image123.jpg --> FTP.johnpratt.net /johnpratt.net/family image123.jpg
2011.06.07 15:46 B C:\Users\Rebecca\Desktop\johnpratt.net\family\PICT0018-3.JPG --> FTP.johnpratt.net /johnpratt.net/family PICT0018-3.JPG
2011.06.07 15:46 B C:\Users\Rebecca\Desktop\johnpratt.net\family\WS_FTP.LOG --> FTP.johnpratt.net /johnpratt.net/family WS_FTP.LOG
2011.06.07 18:32 B C:\Users\Rebecca\Desktop\johnpratt.net\family\Alex_Wong.jpg --> FTP.johnpratt.net /johnpratt.net/family Alex_Wong.jpg
2011.06.07 18:32 B C:\Users\Rebecca\Desktop\johnpratt.net\family\Chris_Wong.jpg --> FTP.johnpratt.net /johnpratt.net/family Chris_Wong.jpg
2011.06.07 18:32 B C:\Users\Rebecca\Desktop\johnpratt.net\family\John_Kiana_Terry_Karina_Mom_Paul - Copy.jpg --> FTP.johnpratt.net /johnpratt.net/family John_Kiana_Terry_Karina_Mom_Paul - Copy.jpg
2011.06.07 18:33 B C:\Users\Rebecca\Desktop\johnpratt.net\family\John_Kiana_Terry_Karina_Mom_Paul.jpg --> FTP.johnpratt.net /johnpratt.net/family John_Kiana_Terry_Karina_Mom_Paul.jpg
2011.06.07 18:33 B C:\Users\Rebecca\Desktop\johnpratt.net\family\Karina_Kiana.jpg --> FTP.johnpratt.net /johnpratt.net/family Karina_Kiana.jpg
2011.06.07 18:33 B C:\Users\Rebecca\Desktop\johnpratt.net\family\Karina_Kiana_Cherry.jpg --> FTP.johnpratt.net /johnpratt.net/family Karina_Kiana_Cherry.jpg
2011.06.07 18:33 B C:\Users\Rebecca\Desktop\johnpratt.net\family\Karina_Mom_Paul_Jennie_John_Kiana.jpg --> FTP.johnpratt.net /johnpratt.net/family Karina_Mom_Paul_Jennie_John_Kiana.jpg
2011.06.07 18:34 B C:\Users\Rebecca\Desktop\johnpratt.net\family\Laura.JPG --> FTP.johnpratt.net /johnpratt.net/family Laura.JPG
2011.06.07 18:34 B C:\Users\Rebecca\Desktop\johnpratt.net\family\More - Copy.jpg --> FTP.johnpratt.net /johnpratt.net/family More - Copy.jpg
2011.06.07 18:34 B C:\Users\Rebecca\Desktop\johnpratt.net\family\Nicholas_Eric_Matthew.JPG --> FTP.johnpratt.net /johnpratt.net/family Nicholas_Eric_Matthew.JPG
2011.06.07 18:34 B C:\Users\Rebecca\Desktop\johnpratt.net\family\Paul_Jennie_John.jpg --> FTP.johnpratt.net /johnpratt.net/family Paul_Jennie_John.jpg
2011.06.07 18:34 B C:\Users\Rebecca\Desktop\johnpratt.net\family\TKKJ4.jpg --> FTP.johnpratt.net /johnpratt.net/family TKKJ4.jpg
2011.06.09 11:32 B C:\Users\Rebecca\Desktop\johnpratt.net\family\Chris_Wong.jpg <-- johnpratt /johnpratt.net/family Chris_Wong.jpg
2011.06.09 16:40 B C:\Users\Rebecca\Desktop\johnpratt.net\family\Barb_Trav.JPG --> FTP.johnpratt.net /johnpratt.net/family Barb_Trav.JPG
2011.06.09 16:40 B C:\Users\Rebecca\Desktop\johnpratt.net\family\climbing_Kenneth.JPG --> FTP.johnpratt.net /johnpratt.net/family climbing_Kenneth.JPG
2011.06.09 16:40 B C:\Users\Rebecca\Desktop\johnpratt.net\family\image005.jpg --> FTP.johnpratt.net /johnpratt.net/family image005.jpg
2011.06.09 16:40 B C:\Users\Rebecca\Desktop\johnpratt.net\family\image007.jpg --> FTP.johnpratt.net /johnpratt.net/family image007.jpg
2011.06.09 16:40 B C:\Users\Rebecca\Desktop\johnpratt.net\family\image008.jpg --> FTP.johnpratt.net /johnpratt.net/family image008.jpg
2011.06.09 16:41 B C:\Users\Rebecca\Desktop\johnpratt.net\family\image009.jpg --> FTP.johnpratt.net /johnpratt.net/family image009.jpg
2011.06.09 16:41 B C:\Users\Rebecca\Desktop\johnpratt.net\family\image010.jpg --> FTP.johnpratt.net /johnpratt.net/family image010.jpg
2011.06.09 16:41 B C:\Users\Rebecca\Desktop\johnpratt.net\family\image011.jpg --> FTP.johnpratt.net /johnpratt.net/family image011.jpg
2011.06.09 16:43 B C:\Users\Rebecca\Desktop\johnpratt.net\family\Kenneth_Grandpa_Sophia.JPG --> FTP.johnpratt.net /johnpratt.net/family Kenneth_Grandpa_Sophia.JPG
2011.06.09 17:25 B C:\Users\Rebecca\Desktop\johnpratt.net\family\Annette_and_John.JPG --> FTP.johnpratt.net /johnpratt.net/family Annette_and_John.JPG
2011.06.09 17:25 B C:\Users\Rebecca\Desktop\johnpratt.net\family\Barb_and_Trav.JPG --> FTP.johnpratt.net /johnpratt.net/family Barb_and_Trav.JPG
2011.06.09 17:25 B C:\Users\Rebecca\Desktop\johnpratt.net\family\Barb_and_tulips.jpg --> FTP.johnpratt.net /johnpratt.net/family Barb_and_tulips.jpg
2011.06.09 17:26 B C:\Users\Rebecca\Desktop\johnpratt.net\family\Barb_Trav.JPG --> FTP.johnpratt.net /johnpratt.net/family Barb_Trav.JPG
2011.06.09 17:26 B C:\Users\Rebecca\Desktop\johnpratt.net\family\Bob_Morton_and_John.JPG --> FTP.johnpratt.net /johnpratt.net/family Bob_Morton_and_John.JPG
2011.06.09 17:26 B C:\Users\Rebecca\Desktop\johnpratt.net\family\Daddy_and_his_baby_girl.jpg --> FTP.johnpratt.net /johnpratt.net/family Daddy_and_his_baby_girl.jpg
2011.06.09 17:26 B C:\Users\Rebecca\Desktop\johnpratt.net\family\Grandpa_and_Sophia.jpg --> FTP.johnpratt.net /johnpratt.net/family Grandpa_and_Sophia.jpg
2011.06.09 17:27 B C:\Users\Rebecca\Desktop\johnpratt.net\family\Marsha_Mary_Rebecca.JPG --> FTP.johnpratt.net /johnpratt.net/family Marsha_Mary_Rebecca.JPG
2011.06.09 17:27 B C:\Users\Rebecca\Desktop\johnpratt.net\family\Mary_and_Roberto.JPG --> FTP.johnpratt.net /johnpratt.net/family Mary_and_Roberto.JPG
2011.06.09 17:27 B C:\Users\Rebecca\Desktop\johnpratt.net\family\McKenna_Trish_Larry.JPG --> FTP.johnpratt.net /johnpratt.net/family McKenna_Trish_Larry.JPG
2011.06.09 17:27 B C:\Users\Rebecca\Desktop\johnpratt.net\family\Ruth_Rebecca_kayaking.JPG --> FTP.johnpratt.net /johnpratt.net/family Ruth_Rebecca_kayaking.JPG
2011.06.09 17:27 B C:\Users\Rebecca\Desktop\johnpratt.net\family\Sophia_one_year_old.jpg --> FTP.johnpratt.net /johnpratt.net/family Sophia_one_year_old.jpg
2011.06.09 17:27 B C:\Users\Rebecca\Desktop\johnpratt.net\family\Trav_and_Barb.jpg --> FTP.johnpratt.net /johnpratt.net/family Trav_and_Barb.jpg
2011.06.09 17:27 B C:\Users\Rebecca\Desktop\johnpratt.net\family\Trish_McKenna.JPG --> FTP.johnpratt.net /johnpratt.net/family Trish_McKenna.JPG
2011.06.09 17:27 B C:\Users\Rebecca\Desktop\johnpratt.net\family\Trish_Rebecca_kayaking.JPG --> FTP.johnpratt.net /johnpratt.net/family Trish_Rebecca_kayaking.JPG
2011.06.09 17:46 B C:\Users\Rebecca\Desktop\johnpratt.net\family\Walt_y_John.JPG --> FTP.johnpratt.net /johnpratt.net/family Walt_y_John.JPG
2011.06.09 17:52 B C:\Users\Rebecca\Desktop\johnpratt.net\family\RitaWalt.png --> FTP.johnpratt.net /johnpratt.net/family RitaWalt.png
2011.06.09 17:52 B C:\Users\Rebecca\Desktop\johnpratt.net\family\Walthunting.png --> FTP.johnpratt.net /johnpratt.net/family Walthunting.png
2011.06.09 18:14 B C:\Users\Rebecca\Desktop\johnpratt.net\family\Rita.JPG --> FTP.johnpratt.net /johnpratt.net/family Rita.JPG
2011.06.09 18:14 B C:\Users\Rebecca\Desktop\johnpratt.net\family\The_Pratts.JPG --> FTP.johnpratt.net /johnpratt.net/family The_Pratts.JPG
2011.06.09 18:20 B C:\Users\Rebecca\Desktop\johnpratt.net\family\Mary_Pat_Rita_Bill.JPG --> FTP.johnpratt.net /johnpratt.net/family Mary_Pat_Rita_Bill.JPG
2011.06.09 18:21 B C:\Users\Rebecca\Desktop\johnpratt.net\family\Mary_Pat_Rita_Bill.JPG --> FTP.johnpratt.net /johnpratt.net/family Mary_Pat_Rita_Bill.JPG
2011.06.09 18:34 B C:\Users\Rebecca\Desktop\johnpratt.net\family\At_Sullivan_Bay.jpg --> FTP.johnpratt.net /johnpratt.net/family At_Sullivan_Bay.jpg
2011.06.09 18:34 B C:\Users\Rebecca\Desktop\johnpratt.net\family\Garry.jpg --> FTP.johnpratt.net /johnpratt.net/family Garry.jpg
2011.06.09 18:34 B C:\Users\Rebecca\Desktop\johnpratt.net\family\Garry_in_dinghy.jpg --> FTP.johnpratt.net /johnpratt.net/family Garry_in_dinghy.jpg
2011.06.09 18:37 B C:\Users\Rebecca\Desktop\johnpratt.net\family\At_Sullivan_Bay.jpg --> FTP.johnpratt.net /johnpratt.net/family At_Sullivan_Bay.jpg
2011.06.09 18:54 B C:\Users\Rebecca\Desktop\johnpratt.net\family\The_Pratt_Family.jpg --> FTP.johnpratt.net /johnpratt.net/family The_Pratt_Family.jpg
2012.05.27 11:11 B C:\Users\Rebecca\Desktop\johnpratt.net\family\default.htm <-- johnpratt /public_html/family default.htm
2012.05.27 11:12 B C:\Users\Rebecca\Desktop\johnpratt.net\family\.picasa.ini --> FTP.johnpratt.net /public_html/family .picasa.ini
2012.05.27 11:12 B C:\Users\Rebecca\Desktop\johnpratt.net\family\K_and_Gpa.jpg --> FTP.johnpratt.net /public_html/family K_and_Gpa.jpg
2012.05.27 11:14 B C:\Users\Rebecca\Desktop\johnpratt.net\family\Kenneth_with_Gpa.jpg --> FTP.johnpratt.net /public_html/family Kenneth_with_Gpa.jpg
2012.05.27 11:15 B C:\Users\Rebecca\Desktop\johnpratt.net\family\Pat_and_Aunt_Cay.JPG --> FTP.johnpratt.net /public_html/family Pat_and_Aunt_Cay.JPG
2012.05.27 11:15 B C:\Users\Rebecca\Desktop\johnpratt.net\family\PICT0018-3.JPG <-- johnpratt /public_html/family PICT0018-3.JPG
2012.05.27 11:16 B C:\Users\Rebecca\Desktop\johnpratt.net\family\Trish_Larry_John.jpg --> FTP.johnpratt.net /public_html/family Trish_Larry_John.jpg
